2023-07-28T12:52:18.262+05:30  INFO 23524 --- [restartedMain] com.example.EmployeeServiceApplication   : Starting EmployeeServiceApplication using Java 17.0.7 with PID 23524 (C:\Users\hdhar\eclipse-workspace\employee-service\target\classes started by hdhar in C:\Users\hdhar\eclipse-workspace\employee-service)
2023-07-28T12:52:18.264+05:30  INFO 23524 --- [restartedMain] com.example.EmployeeServiceApplication   : No active profile set, falling back to 1 default profile: "default"
2023-07-28T12:52:18.304+05:30  INFO 23524 --- [restartedMain] .e.DevToolsPropertyDefaultsPostProcessor : Devtools property defaults active! Set 'spring.devtools.add-properties' to 'false' to disable
2023-07-28T12:52:18.304+05:30  INFO 23524 --- [restartedMain] .e.DevToolsPropertyDefaultsPostProcessor : For additional web related logging consider setting the 'logging.level.web' property to 'DEBUG'
2023-07-28T12:52:19.054+05:30  INFO 23524 --- [restartedMain] .s.d.r.c.RepositoryConfigurationDelegate : Bootstrapping Spring Data JPA repositories in DEFAULT mode.
2023-07-28T12:52:19.173+05:30  INFO 23524 --- [restartedMain] .s.d.r.c.RepositoryConfigurationDelegate : Finished Spring Data repository scanning in 112 ms. Found 1 JPA repository interfaces.
2023-07-28T12:52:19.362+05:30  INFO 23524 --- [restartedMain] o.s.cloud.context.scope.GenericScope     : BeanFactory id=d30c4bf1-c2e1-3750-a51f-97556d5cafb5
2023-07-28T12:52:19.868+05:30  INFO 23524 --- [restartedMain] o.s.b.w.embedded.tomcat.TomcatWebServer  : Tomcat initialized with port(s): 0 (http)
2023-07-28T12:52:19.875+05:30  INFO 23524 --- [restartedMain] o.apache.catalina.core.StandardService   : Starting service [Tomcat]
2023-07-28T12:52:19.875+05:30  INFO 23524 --- [restartedMain] o.apache.catalina.core.StandardEngine    : Starting Servlet engine: [Apache Tomcat/10.1.11]
2023-07-28T12:52:19.943+05:30  INFO 23524 --- [restartedMain] o.a.c.c.C.[Tomcat].[localhost].[/]       : Initializing Spring embedded WebApplicationContext
2023-07-28T12:52:19.944+05:30  INFO 23524 --- [restartedMain] w.s.c.ServletWebServerApplicationContext : Root WebApplicationContext: initialization completed in 1639 ms
2023-07-28T12:52:20.165+05:30  INFO 23524 --- [restartedMain] o.hibernate.jpa.internal.util.LogHelper  : HHH000204: Processing PersistenceUnitInfo [name: default]
2023-07-28T12:52:20.209+05:30  INFO 23524 --- [restartedMain] org.hibernate.Version                    : HHH000412: Hibernate ORM core version 6.2.6.Final
2023-07-28T12:52:20.211+05:30  INFO 23524 --- [restartedMain] org.hibernate.cfg.Environment            : HHH000406: Using bytecode reflection optimizer
2023-07-28T12:52:20.317+05:30  INFO 23524 --- [restartedMain] o.h.b.i.BytecodeProviderInitiator        : HHH000021: Bytecode provider name : bytebuddy
2023-07-28T12:52:20.423+05:30  INFO 23524 --- [restartedMain] o.s.o.j.p.SpringPersistenceUnitInfo      : No LoadTimeWeaver setup: ignoring JPA class transformer
2023-07-28T12:52:20.436+05:30  INFO 23524 --- [restartedMain] com.zaxxer.hikari.HikariDataSource       : HikariPool-1 - Starting...
2023-07-28T12:52:20.804+05:30  INFO 23524 --- [restartedMain] com.zaxxer.hikari.pool.HikariPool        : HikariPool-1 - Added connection com.mysql.cj.jdbc.ConnectionImpl@2bacdeaf
2023-07-28T12:52:20.807+05:30  INFO 23524 --- [restartedMain] com.zaxxer.hikari.HikariDataSource       : HikariPool-1 - Start completed.
2023-07-28T12:52:21.038+05:30  INFO 23524 --- [restartedMain] o.h.b.i.BytecodeProviderInitiator        : HHH000021: Bytecode provider name : bytebuddy
2023-07-28T12:52:21.501+05:30  INFO 23524 --- [restartedMain] o.h.e.t.j.p.i.JtaPlatformInitiator       : HHH000490: Using JtaPlatform implementation: [org.hibernate.engine.transaction.jta.platform.internal.NoJtaPlatform]
2023-07-28T12:52:21.604+05:30  INFO 23524 --- [restartedMain] j.LocalContainerEntityManagerFactoryBean : Initialized JPA EntityManagerFactory for persistence unit 'default'
2023-07-28T12:52:21.830+05:30  WARN 23524 --- [restartedMain] JpaBaseConfiguration$JpaWebConfiguration : spring.jpa.open-in-view is enabled by default. Therefore, database queries may be performed during view rendering. Explicitly configure spring.jpa.open-in-view to disable this warning
2023-07-28T12:52:23.181+05:30  INFO 23524 --- [restartedMain] o.s.cloud.commons.util.InetUtils         : Cannot determine local hostname
2023-07-28T12:52:23.510+05:30  WARN 23524 --- [restartedMain] o.s.b.d.a.OptionalLiveReloadServer       : Unable to start LiveReload server
2023-07-28T12:52:24.645+05:30  INFO 23524 --- [restartedMain] o.s.cloud.commons.util.InetUtils         : Cannot determine local hostname
2023-07-28T12:52:24.652+05:30  INFO 23524 --- [restartedMain] DiscoveryClientOptionalArgsConfiguration : Eureka HTTP Client uses RestTemplate.
2023-07-28T12:52:24.683+05:30  WARN 23524 --- [restartedMain] iguration$LoadBalancerCaffeineWarnLogger : Spring Cloud LoadBalancer is currently working with the default cache. While this cache implementation is useful for development and tests, it's recommended to use Caffeine cache in production.You can switch to using Caffeine cache, by adding it and org.springframework.cache.caffeine.CaffeineCacheManager to the classpath.
2023-07-28T12:52:24.686+05:30  INFO 23524 --- [restartedMain] o.s.b.a.e.web.EndpointLinksResolver      : Exposing 17 endpoint(s) beneath base path '/actuator'
2023-07-28T12:52:24.778+05:30  INFO 23524 --- [restartedMain] o.s.b.w.embedded.tomcat.TomcatWebServer  : Tomcat started on port(s): 52718 (http) with context path ''
2023-07-28T12:52:24.779+05:30  INFO 23524 --- [restartedMain] .s.c.n.e.s.EurekaAutoServiceRegistration : Updating port to 52718
2023-07-28T12:52:24.784+05:30  INFO 23524 --- [restartedMain] o.s.c.n.eureka.InstanceInfoFactory       : Setting initial instance status as: STARTING
2023-07-28T12:52:24.814+05:30  INFO 23524 --- [restartedMain] com.netflix.discovery.DiscoveryClient    : Initializing Eureka in region us-east-1
2023-07-28T12:52:24.817+05:30  INFO 23524 --- [restartedMain] c.n.d.s.r.aws.ConfigClusterResolver      : Resolving eureka endpoints via configuration
2023-07-28T12:52:24.836+05:30  INFO 23524 --- [restartedMain] com.netflix.discovery.DiscoveryClient    : Disable delta property : false
2023-07-28T12:52:24.836+05:30  INFO 23524 --- [restartedMain] com.netflix.discovery.DiscoveryClient    : Single vip registry refresh property : null
2023-07-28T12:52:24.836+05:30  INFO 23524 --- [restartedMain] com.netflix.discovery.DiscoveryClient    : Force full registry fetch : false
2023-07-28T12:52:24.836+05:30  INFO 23524 --- [restartedMain] com.netflix.discovery.DiscoveryClient    : Application is null : false
2023-07-28T12:52:24.836+05:30  INFO 23524 --- [restartedMain] com.netflix.discovery.DiscoveryClient    : Registered Applications size is zero : true
2023-07-28T12:52:24.836+05:30  INFO 23524 --- [restartedMain] com.netflix.discovery.DiscoveryClient    : Application version is -1: true
2023-07-28T12:52:24.836+05:30  INFO 23524 --- [restartedMain] com.netflix.discovery.DiscoveryClient    : Getting all instance registry info from the eureka server
2023-07-28T12:52:25.016+05:30  INFO 23524 --- [restartedMain] com.netflix.discovery.DiscoveryClient    : The response status is 200
2023-07-28T12:52:25.019+05:30  INFO 23524 --- [restartedMain] com.netflix.discovery.DiscoveryClient    : Starting heartbeat executor: renew interval is: 30
2023-07-28T12:52:25.021+05:30  INFO 23524 --- [restartedMain] c.n.discovery.InstanceInfoReplicator     : InstanceInfoReplicator onDemand update allowed rate per min is 4
2023-07-28T12:52:25.025+05:30  INFO 23524 --- [restartedMain] com.netflix.discovery.DiscoveryClient    : Discovery Client initialized at timestamp 1690528945024 with initial instances count: 4
2023-07-28T12:52:25.027+05:30  INFO 23524 --- [restartedMain] o.s.c.n.e.s.EurekaServiceRegistry        : Registering application EMPLOYEE-SERVICE with eureka with status UP
2023-07-28T12:52:25.027+05:30  INFO 23524 --- [restartedMain] com.netflix.discovery.DiscoveryClient    : Saw local status change event StatusChangeEvent [timestamp=1690528945027, current=UP, previous=STARTING]
2023-07-28T12:52:25.029+05:30  INFO 23524 --- [DiscoveryClient-InstanceInfoReplicator-0] com.netflix.discovery.DiscoveryClient    : DiscoveryClient_EMPLOYEE-SERVICE/employee-service:fbd1edd26a72e2032203aeda282fe4ce: registering service...
2023-07-28T12:52:25.073+05:30  INFO 23524 --- [DiscoveryClient-InstanceInfoReplicator-0] com.netflix.discovery.DiscoveryClient    : DiscoveryClient_EMPLOYEE-SERVICE/employee-service:fbd1edd26a72e2032203aeda282fe4ce - registration status: 204
2023-07-28T12:52:26.155+05:30  INFO 23524 --- [restartedMain] o.s.cloud.commons.util.InetUtils         : Cannot determine local hostname
2023-07-28T12:52:26.170+05:30  INFO 23524 --- [restartedMain] com.example.EmployeeServiceApplication   : Started EmployeeServiceApplication in 9.418 seconds (process running for 10.111)
2023-07-28T12:52:26.345+05:30  INFO 23524 --- [RMI TCP Connection(9)-127.0.0.1] o.a.c.c.C.[Tomcat].[localhost].[/]       : Initializing Spring DispatcherServlet 'dispatcherServlet'
2023-07-28T12:52:26.346+05:30  INFO 23524 --- [RMI TCP Connection(9)-127.0.0.1] o.s.web.servlet.DispatcherServlet        : Initializing Servlet 'dispatcherServlet'
2023-07-28T12:52:26.347+05:30  INFO 23524 --- [RMI TCP Connection(9)-127.0.0.1] o.s.web.servlet.DispatcherServlet        : Completed initialization in 1 ms
2023-07-28T12:52:41.365+05:30  INFO 23524 --- [registrationTask1] d.c.b.a.c.r.ApplicationRegistrator       : Application registered itself as a63858ef2ddd
2023-07-28T12:53:56.679+05:30  WARN 23524 --- [http-nio-auto-1-exec-8] .w.s.m.s.DefaultHandlerExceptionResolver : Resolved [org.springframework.http.converter.HttpMessageNotReadableException: Required request body is missing: public org.springframework.http.ResponseEntity<?> com.example.controller.EmployeeController.createEmployee(com.example.model.EmployeeEntity,java.lang.String)]
2023-07-28T12:57:24.839+05:30  INFO 23524 --- [AsyncResolver-bootstrap-executor-0] c.n.d.s.r.aws.ConfigClusterResolver      : Resolving eureka endpoints via configuration
2023-07-28T13:02:24.851+05:30  INFO 23524 --- [AsyncResolver-bootstrap-executor-0] c.n.d.s.r.aws.ConfigClusterResolver      : Resolving eureka endpoints via configuration
2023-07-28T13:07:24.855+05:30  INFO 23524 --- [AsyncResolver-bootstrap-executor-0] c.n.d.s.r.aws.ConfigClusterResolver      : Resolving eureka endpoints via configuration
2023-07-28T13:12:24.864+05:30  INFO 23524 --- [AsyncResolver-bootstrap-executor-0] c.n.d.s.r.aws.ConfigClusterResolver      : Resolving eureka endpoints via configuration
2023-07-28T13:17:24.877+05:30  INFO 23524 --- [AsyncResolver-bootstrap-executor-0] c.n.d.s.r.aws.ConfigClusterResolver      : Resolving eureka endpoints via configuration
2023-07-28T13:22:24.890+05:30  INFO 23524 --- [AsyncResolver-bootstrap-executor-0] c.n.d.s.r.aws.ConfigClusterResolver      : Resolving eureka endpoints via configuration
2023-07-28T13:27:24.892+05:30  INFO 23524 --- [AsyncResolver-bootstrap-executor-0] c.n.d.s.r.aws.ConfigClusterResolver      : Resolving eureka endpoints via configuration
2023-07-28T13:32:24.893+05:30  INFO 23524 --- [AsyncResolver-bootstrap-executor-0] c.n.d.s.r.aws.ConfigClusterResolver      : Resolving eureka endpoints via configuration
2023-07-28T13:37:24.904+05:30  INFO 23524 --- [AsyncResolver-bootstrap-executor-0] c.n.d.s.r.aws.ConfigClusterResolver      : Resolving eureka endpoints via configuration
2023-07-28T13:42:24.908+05:30  INFO 23524 --- [AsyncResolver-bootstrap-executor-0] c.n.d.s.r.aws.ConfigClusterResolver      : Resolving eureka endpoints via configuration
2023-07-28T13:47:24.918+05:30  INFO 23524 --- [AsyncResolver-bootstrap-executor-0] c.n.d.s.r.aws.ConfigClusterResolver      : Resolving eureka endpoints via configuration
2023-07-28T13:52:24.926+05:30  INFO 23524 --- [AsyncResolver-bootstrap-executor-0] c.n.d.s.r.aws.ConfigClusterResolver      : Resolving eureka endpoints via configuration
2023-07-28T13:57:24.934+05:30  INFO 23524 --- [AsyncResolver-bootstrap-executor-0] c.n.d.s.r.aws.ConfigClusterResolver      : Resolving eureka endpoints via configuration
2023-07-28T14:02:24.937+05:30  INFO 23524 --- [AsyncResolver-bootstrap-executor-0] c.n.d.s.r.aws.ConfigClusterResolver      : Resolving eureka endpoints via configuration
2023-07-28T14:07:24.948+05:30  INFO 23524 --- [AsyncResolver-bootstrap-executor-0] c.n.d.s.r.aws.ConfigClusterResolver      : Resolving eureka endpoints via configuration
2023-07-28T14:08:53.546+05:30  INFO 23524 --- [File Watcher] rtingClassPathChangeChangedEventListener : Restarting due to 1 class path change (0 additions, 0 deletions, 1 modification)
2023-07-28T14:08:53.552+05:30  INFO 23524 --- [Thread-1] o.s.c.n.e.s.EurekaServiceRegistry        : Unregistering application EMPLOYEE-SERVICE with eureka with status DOWN
2023-07-28T14:08:53.552+05:30  INFO 23524 --- [Thread-1] com.netflix.discovery.DiscoveryClient    : Saw local status change event StatusChangeEvent [timestamp=1690533533552, current=DOWN, previous=UP]
2023-07-28T14:08:53.553+05:30  INFO 23524 --- [DiscoveryClient-InstanceInfoReplicator-0] com.netflix.discovery.DiscoveryClient    : DiscoveryClient_EMPLOYEE-SERVICE/employee-service:fbd1edd26a72e2032203aeda282fe4ce: registering service...
2023-07-28T14:08:53.577+05:30  INFO 23524 --- [DiscoveryClient-InstanceInfoReplicator-0] com.netflix.discovery.DiscoveryClient    : DiscoveryClient_EMPLOYEE-SERVICE/employee-service:fbd1edd26a72e2032203aeda282fe4ce - registration status: 204
2023-07-28T14:08:53.578+05:30  INFO 23524 --- [Thread-1] o.apache.catalina.core.StandardService   : Stopping service [Tomcat]
2023-07-28T14:08:53.582+05:30  INFO 23524 --- [Thread-1] o.a.c.c.C.[Tomcat].[localhost].[/]       : Destroying Spring FrameworkServlet 'dispatcherServlet'
2023-07-28T14:08:53.602+05:30  INFO 23524 --- [Thread-1] j.LocalContainerEntityManagerFactoryBean : Closing JPA EntityManagerFactory for persistence unit 'default'
2023-07-28T14:08:53.611+05:30  INFO 23524 --- [Thread-1] com.zaxxer.hikari.HikariDataSource       : HikariPool-1 - Shutdown initiated...
2023-07-28T14:08:53.620+05:30  INFO 23524 --- [Thread-1] com.zaxxer.hikari.HikariDataSource       : HikariPool-1 - Shutdown completed.
2023-07-28T14:08:53.620+05:30  INFO 23524 --- [Thread-1] com.netflix.discovery.DiscoveryClient    : Shutting down DiscoveryClient ...
2023-07-28T14:08:56.632+05:30  INFO 23524 --- [Thread-1] com.netflix.discovery.DiscoveryClient    : Unregistering ...
2023-07-28T14:08:56.699+05:30  INFO 23524 --- [Thread-1] com.netflix.discovery.DiscoveryClient    : DiscoveryClient_EMPLOYEE-SERVICE/employee-service:fbd1edd26a72e2032203aeda282fe4ce - deregister  status: 200
2023-07-28T14:08:56.705+05:30  INFO 23524 --- [Thread-1] com.netflix.discovery.DiscoveryClient    : Completed shut down of DiscoveryClient
2023-07-28T14:08:57.969+05:30  INFO 23524 --- [restartedMain] com.example.EmployeeServiceApplication   : Starting EmployeeServiceApplication using Java 17.0.7 with PID 23524 (C:\Users\hdhar\eclipse-workspace\employee-service\target\classes started by hdhar in C:\Users\hdhar\eclipse-workspace\employee-service)
2023-07-28T14:08:57.970+05:30  INFO 23524 --- [restartedMain] com.example.EmployeeServiceApplication   : No active profile set, falling back to 1 default profile: "default"
2023-07-28T14:08:58.297+05:30  INFO 23524 --- [restartedMain] .s.d.r.c.RepositoryConfigurationDelegate : Bootstrapping Spring Data JPA repositories in DEFAULT mode.
2023-07-28T14:08:58.305+05:30  INFO 23524 --- [restartedMain] .s.d.r.c.RepositoryConfigurationDelegate : Finished Spring Data repository scanning in 7 ms. Found 1 JPA repository interfaces.
2023-07-28T14:08:58.363+05:30  INFO 23524 --- [restartedMain] o.s.cloud.context.scope.GenericScope     : BeanFactory id=d30c4bf1-c2e1-3750-a51f-97556d5cafb5
2023-07-28T14:08:58.428+05:30  INFO 23524 --- [restartedMain] o.s.b.w.embedded.tomcat.TomcatWebServer  : Tomcat initialized with port(s): 0 (http)
2023-07-28T14:08:58.429+05:30  INFO 23524 --- [restartedMain] o.apache.catalina.core.StandardService   : Starting service [Tomcat]
2023-07-28T14:08:58.429+05:30  INFO 23524 --- [restartedMain] o.apache.catalina.core.StandardEngine    : Starting Servlet engine: [Apache Tomcat/10.1.11]
2023-07-28T14:08:58.458+05:30  INFO 23524 --- [restartedMain] o.a.c.c.C.[Tomcat].[localhost].[/]       : Initializing Spring embedded WebApplicationContext
2023-07-28T14:08:58.458+05:30  INFO 23524 --- [restartedMain] w.s.c.ServletWebServerApplicationContext : Root WebApplicationContext: initialization completed in 485 ms
2023-07-28T14:08:58.523+05:30  INFO 23524 --- [restartedMain] o.hibernate.jpa.internal.util.LogHelper  : HHH000204: Processing PersistenceUnitInfo [name: default]
2023-07-28T14:08:58.531+05:30  INFO 23524 --- [restartedMain] o.h.b.i.BytecodeProviderInitiator        : HHH000021: Bytecode provider name : bytebuddy
2023-07-28T14:08:58.531+05:30  INFO 23524 --- [restartedMain] o.s.o.j.p.SpringPersistenceUnitInfo      : No LoadTimeWeaver setup: ignoring JPA class transformer
2023-07-28T14:08:58.532+05:30  INFO 23524 --- [restartedMain] com.zaxxer.hikari.HikariDataSource       : HikariPool-2 - Starting...
2023-07-28T14:08:58.544+05:30  INFO 23524 --- [restartedMain] com.zaxxer.hikari.pool.HikariPool        : HikariPool-2 - Added connection com.mysql.cj.jdbc.ConnectionImpl@84a9721
2023-07-28T14:08:58.545+05:30  INFO 23524 --- [restartedMain] com.zaxxer.hikari.HikariDataSource       : HikariPool-2 - Start completed.
2023-07-28T14:08:58.553+05:30  INFO 23524 --- [restartedMain] o.h.b.i.BytecodeProviderInitiator        : HHH000021: Bytecode provider name : bytebuddy
2023-07-28T14:08:58.573+05:30  INFO 23524 --- [restartedMain] o.h.e.t.j.p.i.JtaPlatformInitiator       : HHH000490: Using JtaPlatform implementation: [org.hibernate.engine.transaction.jta.platform.internal.NoJtaPlatform]
2023-07-28T14:08:58.666+05:30  INFO 23524 --- [restartedMain] j.LocalContainerEntityManagerFactoryBean : Initialized JPA EntityManagerFactory for persistence unit 'default'
2023-07-28T14:08:58.722+05:30  WARN 23524 --- [restartedMain] JpaBaseConfiguration$JpaWebConfiguration : spring.jpa.open-in-view is enabled by default. Therefore, database queries may be performed during view rendering. Explicitly configure spring.jpa.open-in-view to disable this warning
2023-07-28T14:08:59.932+05:30  INFO 23524 --- [restartedMain] o.s.cloud.commons.util.InetUtils         : Cannot determine local hostname
2023-07-28T14:09:00.034+05:30  WARN 23524 --- [restartedMain] o.s.b.d.a.OptionalLiveReloadServer       : Unable to start LiveReload server
2023-07-28T14:09:01.144+05:30  INFO 23524 --- [restartedMain] o.s.cloud.commons.util.InetUtils         : Cannot determine local hostname
2023-07-28T14:09:01.150+05:30  INFO 23524 --- [restartedMain] DiscoveryClientOptionalArgsConfiguration : Eureka HTTP Client uses RestTemplate.
2023-07-28T14:09:01.165+05:30  WARN 23524 --- [restartedMain] iguration$LoadBalancerCaffeineWarnLogger : Spring Cloud LoadBalancer is currently working with the default cache. While this cache implementation is useful for development and tests, it's recommended to use Caffeine cache in production.You can switch to using Caffeine cache, by adding it and org.springframework.cache.caffeine.CaffeineCacheManager to the classpath.
2023-07-28T14:09:01.167+05:30  INFO 23524 --- [restartedMain] o.s.b.a.e.web.EndpointLinksResolver      : Exposing 17 endpoint(s) beneath base path '/actuator'
2023-07-28T14:09:01.193+05:30  INFO 23524 --- [restartedMain] o.s.b.w.embedded.tomcat.TomcatWebServer  : Tomcat started on port(s): 50307 (http) with context path ''
2023-07-28T14:09:01.193+05:30  INFO 23524 --- [restartedMain] .s.c.n.e.s.EurekaAutoServiceRegistration : Updating port to 50307
2023-07-28T14:09:01.194+05:30  INFO 23524 --- [restartedMain] o.s.c.n.eureka.InstanceInfoFactory       : Setting initial instance status as: STARTING
2023-07-28T14:09:01.197+05:30  INFO 23524 --- [restartedMain] com.netflix.discovery.DiscoveryClient    : Initializing Eureka in region us-east-1
2023-07-28T14:09:01.197+05:30  INFO 23524 --- [restartedMain] c.n.d.s.r.aws.ConfigClusterResolver      : Resolving eureka endpoints via configuration
2023-07-28T14:09:01.205+05:30  INFO 23524 --- [restartedMain] com.netflix.discovery.DiscoveryClient    : Disable delta property : false
2023-07-28T14:09:01.205+05:30  INFO 23524 --- [restartedMain] com.netflix.discovery.DiscoveryClient    : Single vip registry refresh property : null
2023-07-28T14:09:01.205+05:30  INFO 23524 --- [restartedMain] com.netflix.discovery.DiscoveryClient    : Force full registry fetch : false
2023-07-28T14:09:01.205+05:30  INFO 23524 --- [restartedMain] com.netflix.discovery.DiscoveryClient    : Application is null : false
2023-07-28T14:09:01.205+05:30  INFO 23524 --- [restartedMain] com.netflix.discovery.DiscoveryClient    : Registered Applications size is zero : true
2023-07-28T14:09:01.205+05:30  INFO 23524 --- [restartedMain] com.netflix.discovery.DiscoveryClient    : Application version is -1: true
2023-07-28T14:09:01.205+05:30  INFO 23524 --- [restartedMain] com.netflix.discovery.DiscoveryClient    : Getting all instance registry info from the eureka server
2023-07-28T14:09:01.220+05:30  INFO 23524 --- [restartedMain] com.netflix.discovery.DiscoveryClient    : The response status is 200
2023-07-28T14:09:01.221+05:30  INFO 23524 --- [restartedMain] com.netflix.discovery.DiscoveryClient    : Starting heartbeat executor: renew interval is: 30
2023-07-28T14:09:01.222+05:30  INFO 23524 --- [restartedMain] c.n.discovery.InstanceInfoReplicator     : InstanceInfoReplicator onDemand update allowed rate per min is 4
2023-07-28T14:09:01.223+05:30  INFO 23524 --- [restartedMain] com.netflix.discovery.DiscoveryClient    : Discovery Client initialized at timestamp 1690533541223 with initial instances count: 5
2023-07-28T14:09:01.224+05:30  INFO 23524 --- [restartedMain] o.s.c.n.e.s.EurekaServiceRegistry        : Registering application EMPLOYEE-SERVICE with eureka with status UP
2023-07-28T14:09:01.224+05:30  INFO 23524 --- [restartedMain] com.netflix.discovery.DiscoveryClient    : Saw local status change event StatusChangeEvent [timestamp=1690533541224, current=UP, previous=STARTING]
2023-07-28T14:09:01.224+05:30  INFO 23524 --- [DiscoveryClient-InstanceInfoReplicator-0] com.netflix.discovery.DiscoveryClient    : DiscoveryClient_EMPLOYEE-SERVICE/employee-service:35110edabeda56a113dd75328725442a: registering service...
2023-07-28T14:09:01.232+05:30  INFO 23524 --- [DiscoveryClient-InstanceInfoReplicator-0] com.netflix.discovery.DiscoveryClient    : DiscoveryClient_EMPLOYEE-SERVICE/employee-service:35110edabeda56a113dd75328725442a - registration status: 204
2023-07-28T14:09:02.343+05:30  INFO 23524 --- [restartedMain] o.s.cloud.commons.util.InetUtils         : Cannot determine local hostname
2023-07-28T14:09:02.353+05:30  INFO 23524 --- [restartedMain] com.example.EmployeeServiceApplication   : Started EmployeeServiceApplication in 5.56 seconds (process running for 4606.296)
2023-07-28T14:09:02.357+05:30  INFO 23524 --- [restartedMain] .ConditionEvaluationDeltaLoggingListener : Condition evaluation unchanged
2023-07-28T14:09:07.369+05:30  INFO 23524 --- [http-nio-auto-2-exec-1] o.a.c.c.C.[Tomcat].[localhost].[/]       : Initializing Spring DispatcherServlet 'dispatcherServlet'
2023-07-28T14:09:07.369+05:30  INFO 23524 --- [http-nio-auto-2-exec-1] o.s.web.servlet.DispatcherServlet        : Initializing Servlet 'dispatcherServlet'
2023-07-28T14:09:07.370+05:30  INFO 23524 --- [http-nio-auto-2-exec-1] o.s.web.servlet.DispatcherServlet        : Completed initialization in 1 ms
2023-07-28T14:09:07.373+05:30  INFO 23524 --- [registrationTask1] d.c.b.a.c.r.ApplicationRegistrator       : Application registered itself as 18817249c410
2023-07-28T14:14:01.218+05:30  INFO 23524 --- [AsyncResolver-bootstrap-executor-0] c.n.d.s.r.aws.ConfigClusterResolver      : Resolving eureka endpoints via configuration
