2023-07-31T14:40:37.309+05:30  INFO [employee-service,,] 26692 --- [restartedMain] com.example.EmployeeServiceApplication   : Starting EmployeeServiceApplication using Java 17.0.7 with PID 26692 (C:\Users\hdhar\eclipse-workspace\employee-service\target\classes started by hdhar in C:\Users\hdhar\eclipse-workspace\employee-service)
2023-07-31T14:40:37.315+05:30  INFO [employee-service,,] 26692 --- [restartedMain] com.example.EmployeeServiceApplication   : No active profile set, falling back to 1 default profile: "default"
2023-07-31T14:40:37.360+05:30  INFO [employee-service,,] 26692 --- [restartedMain] .e.DevToolsPropertyDefaultsPostProcessor : Devtools property defaults active! Set 'spring.devtools.add-properties' to 'false' to disable
2023-07-31T14:40:37.362+05:30  INFO [employee-service,,] 26692 --- [restartedMain] .e.DevToolsPropertyDefaultsPostProcessor : For additional web related logging consider setting the 'logging.level.web' property to 'DEBUG'
2023-07-31T14:40:38.194+05:30  INFO [employee-service,,] 26692 --- [restartedMain] .s.d.r.c.RepositoryConfigurationDelegate : Bootstrapping Spring Data JPA repositories in DEFAULT mode.
2023-07-31T14:40:38.322+05:30  INFO [employee-service,,] 26692 --- [restartedMain] .s.d.r.c.RepositoryConfigurationDelegate : Finished Spring Data repository scanning in 121 ms. Found 1 JPA repository interfaces.
2023-07-31T14:40:38.523+05:30  INFO [employee-service,,] 26692 --- [restartedMain] o.s.cloud.context.scope.GenericScope     : BeanFactory id=d4b4bac6-1551-376b-a78a-28637ccbd94e
2023-07-31T14:40:38.597+05:30  INFO [employee-service,,] 26692 --- [restartedMain] trationDelegate$BeanPostProcessorChecker : Bean 'com.example.client.DepartmentClient' of type [org.springframework.cloud.openfeign.FeignClientFactoryBean] is not eligible for getting processed by all BeanPostProcessors (for example: not eligible for auto-proxying)
2023-07-31T14:40:38.988+05:30  INFO [employee-service,,] 26692 --- [restartedMain] o.s.b.w.embedded.tomcat.TomcatWebServer  : Tomcat initialized with port(s): 0 (http)
2023-07-31T14:40:38.996+05:30  INFO [employee-service,,] 26692 --- [restartedMain] o.apache.catalina.core.StandardService   : Starting service [Tomcat]
2023-07-31T14:40:38.996+05:30  INFO [employee-service,,] 26692 --- [restartedMain] o.apache.catalina.core.StandardEngine    : Starting Servlet engine: [Apache Tomcat/10.1.11]
2023-07-31T14:40:39.068+05:30  INFO [employee-service,,] 26692 --- [restartedMain] o.a.c.c.C.[Tomcat].[localhost].[/]       : Initializing Spring embedded WebApplicationContext
2023-07-31T14:40:39.068+05:30  INFO [employee-service,,] 26692 --- [restartedMain] w.s.c.ServletWebServerApplicationContext : Root WebApplicationContext: initialization completed in 1705 ms
2023-07-31T14:40:39.300+05:30  INFO [employee-service,,] 26692 --- [restartedMain] o.hibernate.jpa.internal.util.LogHelper  : HHH000204: Processing PersistenceUnitInfo [name: default]
2023-07-31T14:40:39.344+05:30  INFO [employee-service,,] 26692 --- [restartedMain] org.hibernate.Version                    : HHH000412: Hibernate ORM core version 6.2.6.Final
2023-07-31T14:40:39.346+05:30  INFO [employee-service,,] 26692 --- [restartedMain] org.hibernate.cfg.Environment            : HHH000406: Using bytecode reflection optimizer
2023-07-31T14:40:39.460+05:30  INFO [employee-service,,] 26692 --- [restartedMain] o.h.b.i.BytecodeProviderInitiator        : HHH000021: Bytecode provider name : bytebuddy
2023-07-31T14:40:39.566+05:30  INFO [employee-service,,] 26692 --- [restartedMain] o.s.o.j.p.SpringPersistenceUnitInfo      : No LoadTimeWeaver setup: ignoring JPA class transformer
2023-07-31T14:40:39.581+05:30  INFO [employee-service,,] 26692 --- [restartedMain] com.zaxxer.hikari.HikariDataSource       : HikariPool-1 - Starting...
2023-07-31T14:40:39.890+05:30  INFO [employee-service,,] 26692 --- [restartedMain] com.zaxxer.hikari.pool.HikariPool        : HikariPool-1 - Added connection com.mysql.cj.jdbc.ConnectionImpl@63a5ebc
2023-07-31T14:40:39.892+05:30  INFO [employee-service,,] 26692 --- [restartedMain] com.zaxxer.hikari.HikariDataSource       : HikariPool-1 - Start completed.
2023-07-31T14:40:40.167+05:30  INFO [employee-service,,] 26692 --- [restartedMain] o.h.b.i.BytecodeProviderInitiator        : HHH000021: Bytecode provider name : bytebuddy
2023-07-31T14:40:40.682+05:30  INFO [employee-service,,] 26692 --- [restartedMain] o.h.e.t.j.p.i.JtaPlatformInitiator       : HHH000490: Using JtaPlatform implementation: [org.hibernate.engine.transaction.jta.platform.internal.NoJtaPlatform]
2023-07-31T14:40:40.777+05:30  INFO [employee-service,,] 26692 --- [restartedMain] j.LocalContainerEntityManagerFactoryBean : Initialized JPA EntityManagerFactory for persistence unit 'default'
2023-07-31T14:40:41.069+05:30  WARN [employee-service,,] 26692 --- [restartedMain] JpaBaseConfiguration$JpaWebConfiguration : spring.jpa.open-in-view is enabled by default. Therefore, database queries may be performed during view rendering. Explicitly configure spring.jpa.open-in-view to disable this warning
2023-07-31T14:40:41.115+05:30  WARN [employee-service,,] 26692 --- [restartedMain] o.s.b.d.a.OptionalLiveReloadServer       : Unable to start LiveReload server
2023-07-31T14:40:41.142+05:30  INFO [employee-service,,] 26692 --- [restartedMain] o.s.c.openfeign.FeignClientFactoryBean   : For 'DEPARTMENT-SERVICE' URL not provided. Will try picking an instance via load-balancing.
2023-07-31T14:40:42.624+05:30  INFO [employee-service,,] 26692 --- [restartedMain] o.s.cloud.commons.util.InetUtils         : Cannot determine local hostname
2023-07-31T14:40:44.103+05:30  INFO [employee-service,,] 26692 --- [restartedMain] o.s.cloud.commons.util.InetUtils         : Cannot determine local hostname
2023-07-31T14:40:44.112+05:30  INFO [employee-service,,] 26692 --- [restartedMain] DiscoveryClientOptionalArgsConfiguration : Eureka HTTP Client uses RestTemplate.
2023-07-31T14:40:44.131+05:30  WARN [employee-service,,] 26692 --- [restartedMain] iguration$LoadBalancerCaffeineWarnLogger : Spring Cloud LoadBalancer is currently working with the default cache. While this cache implementation is useful for development and tests, it's recommended to use Caffeine cache in production.You can switch to using Caffeine cache, by adding it and org.springframework.cache.caffeine.CaffeineCacheManager to the classpath.
2023-07-31T14:40:44.142+05:30  INFO [employee-service,,] 26692 --- [restartedMain] o.s.b.a.e.web.EndpointLinksResolver      : Exposing 17 endpoint(s) beneath base path '/actuator'
2023-07-31T14:40:44.237+05:30  INFO [employee-service,,] 26692 --- [restartedMain] o.s.b.w.embedded.tomcat.TomcatWebServer  : Tomcat started on port(s): 52691 (http) with context path ''
2023-07-31T14:40:44.238+05:30  INFO [employee-service,,] 26692 --- [restartedMain] .s.c.n.e.s.EurekaAutoServiceRegistration : Updating port to 52691
2023-07-31T14:40:44.242+05:30  INFO [employee-service,,] 26692 --- [restartedMain] o.s.c.n.eureka.InstanceInfoFactory       : Setting initial instance status as: STARTING
2023-07-31T14:40:44.273+05:30  INFO [employee-service,,] 26692 --- [restartedMain] com.netflix.discovery.DiscoveryClient    : Initializing Eureka in region us-east-1
2023-07-31T14:40:44.277+05:30  INFO [employee-service,,] 26692 --- [restartedMain] c.n.d.s.r.aws.ConfigClusterResolver      : Resolving eureka endpoints via configuration
2023-07-31T14:40:44.296+05:30  INFO [employee-service,,] 26692 --- [restartedMain] com.netflix.discovery.DiscoveryClient    : Disable delta property : false
2023-07-31T14:40:44.296+05:30  INFO [employee-service,,] 26692 --- [restartedMain] com.netflix.discovery.DiscoveryClient    : Single vip registry refresh property : null
2023-07-31T14:40:44.296+05:30  INFO [employee-service,,] 26692 --- [restartedMain] com.netflix.discovery.DiscoveryClient    : Force full registry fetch : false
2023-07-31T14:40:44.296+05:30  INFO [employee-service,,] 26692 --- [restartedMain] com.netflix.discovery.DiscoveryClient    : Application is null : false
2023-07-31T14:40:44.296+05:30  INFO [employee-service,,] 26692 --- [restartedMain] com.netflix.discovery.DiscoveryClient    : Registered Applications size is zero : true
2023-07-31T14:40:44.297+05:30  INFO [employee-service,,] 26692 --- [restartedMain] com.netflix.discovery.DiscoveryClient    : Application version is -1: true
2023-07-31T14:40:44.297+05:30  INFO [employee-service,,] 26692 --- [restartedMain] com.netflix.discovery.DiscoveryClient    : Getting all instance registry info from the eureka server
2023-07-31T14:40:44.477+05:30  INFO [employee-service,,] 26692 --- [restartedMain] com.netflix.discovery.DiscoveryClient    : The response status is 200
2023-07-31T14:40:44.481+05:30  INFO [employee-service,,] 26692 --- [restartedMain] com.netflix.discovery.DiscoveryClient    : Starting heartbeat executor: renew interval is: 30
2023-07-31T14:40:44.484+05:30  INFO [employee-service,,] 26692 --- [restartedMain] c.n.discovery.InstanceInfoReplicator     : InstanceInfoReplicator onDemand update allowed rate per min is 4
2023-07-31T14:40:44.489+05:30  INFO [employee-service,,] 26692 --- [restartedMain] com.netflix.discovery.DiscoveryClient    : Discovery Client initialized at timestamp 1690794644487 with initial instances count: 4
2023-07-31T14:40:44.491+05:30  INFO [employee-service,,] 26692 --- [restartedMain] o.s.c.n.e.s.EurekaServiceRegistry        : Registering application EMPLOYEE-SERVICE with eureka with status UP
2023-07-31T14:40:44.492+05:30  INFO [employee-service,,] 26692 --- [restartedMain] com.netflix.discovery.DiscoveryClient    : Saw local status change event StatusChangeEvent [timestamp=1690794644492, current=UP, previous=STARTING]
2023-07-31T14:40:44.493+05:30  INFO [employee-service,,] 26692 --- [DiscoveryClient-InstanceInfoReplicator-0] com.netflix.discovery.DiscoveryClient    : DiscoveryClient_EMPLOYEE-SERVICE/employee-service:8064fac8213f0d58981518069e636c49: registering service...
2023-07-31T14:40:44.533+05:30  INFO [employee-service,,] 26692 --- [DiscoveryClient-InstanceInfoReplicator-0] com.netflix.discovery.DiscoveryClient    : DiscoveryClient_EMPLOYEE-SERVICE/employee-service:8064fac8213f0d58981518069e636c49 - registration status: 204
2023-07-31T14:40:45.636+05:30  INFO [employee-service,,] 26692 --- [restartedMain] o.s.cloud.commons.util.InetUtils         : Cannot determine local hostname
2023-07-31T14:40:45.648+05:30  INFO [employee-service,,] 26692 --- [restartedMain] com.example.EmployeeServiceApplication   : Started EmployeeServiceApplication in 9.881 seconds (process running for 10.639)
2023-07-31T14:40:45.969+05:30  INFO [employee-service,,] 26692 --- [RMI TCP Connection(9)-127.0.0.1] o.a.c.c.C.[Tomcat].[localhost].[/]       : Initializing Spring DispatcherServlet 'dispatcherServlet'
2023-07-31T14:40:45.969+05:30  INFO [employee-service,,] 26692 --- [RMI TCP Connection(9)-127.0.0.1] o.s.web.servlet.DispatcherServlet        : Initializing Servlet 'dispatcherServlet'
2023-07-31T14:40:45.972+05:30  INFO [employee-service,,] 26692 --- [RMI TCP Connection(9)-127.0.0.1] o.s.web.servlet.DispatcherServlet        : Completed initialization in 2 ms
2023-07-31T14:40:50.646+05:30  INFO [employee-service,,] 26692 --- [registrationTask1] d.c.b.a.c.r.ApplicationRegistrator       : Application registered itself as 357047063eeb
2023-07-31T14:42:50.160+05:30  WARN [employee-service,,] 26692 --- [http-nio-auto-1-exec-4] .w.s.m.s.DefaultHandlerExceptionResolver : Resolved [org.springframework.web.HttpRequestMethodNotSupportedException: Request method 'GET' is not supported]
2023-07-31T14:42:56.424+05:30  WARN [employee-service,,] 26692 --- [http-nio-auto-1-exec-5] .w.s.m.s.DefaultHandlerExceptionResolver : Resolved [org.springframework.http.converter.HttpMessageNotReadableException: Required request body is missing: public org.springframework.http.ResponseEntity<?> com.example.controller.EmployeeController.createEmployee(com.example.model.EmployeeEntity,java.lang.String) throws com.example.exception.DeptNotFoundException]
2023-07-31T14:45:44.308+05:30  INFO [employee-service,,] 26692 --- [AsyncResolver-bootstrap-executor-0] c.n.d.s.r.aws.ConfigClusterResolver      : Resolving eureka endpoints via configuration
2023-07-31T14:47:31.584+05:30  WARN [employee-service,,] 26692 --- [http-nio-auto-1-exec-7] .m.m.a.ExceptionHandlerExceptionResolver : Resolved [com.example.exception.DeptNotFoundException: Department name 'ABC' not found...]
2023-07-31T14:50:44.315+05:30  INFO [employee-service,,] 26692 --- [AsyncResolver-bootstrap-executor-0] c.n.d.s.r.aws.ConfigClusterResolver      : Resolving eureka endpoints via configuration
2023-07-31T14:55:44.331+05:30  INFO [employee-service,,] 26692 --- [AsyncResolver-bootstrap-executor-0] c.n.d.s.r.aws.ConfigClusterResolver      : Resolving eureka endpoints via configuration
2023-07-31T15:00:44.340+05:30  INFO [employee-service,,] 26692 --- [AsyncResolver-bootstrap-executor-0] c.n.d.s.r.aws.ConfigClusterResolver      : Resolving eureka endpoints via configuration
2023-07-31T15:05:44.351+05:30  INFO [employee-service,,] 26692 --- [AsyncResolver-bootstrap-executor-0] c.n.d.s.r.aws.ConfigClusterResolver      : Resolving eureka endpoints via configuration
2023-07-31T15:10:44.364+05:30  INFO [employee-service,,] 26692 --- [AsyncResolver-bootstrap-executor-0] c.n.d.s.r.aws.ConfigClusterResolver      : Resolving eureka endpoints via configuration
