2023-07-31T14:40:00.560+05:30  INFO [department-service,,] 27160 --- [restartedMain] c.example.DepartmentServiceApplication   : Starting DepartmentServiceApplication using Java 17.0.7 with PID 27160 (C:\Users\hdhar\eclipse-workspace\department-service\target\classes started by hdhar in C:\Users\hdhar\eclipse-workspace\department-service)
2023-07-31T14:40:00.568+05:30  INFO [department-service,,] 27160 --- [restartedMain] c.example.DepartmentServiceApplication   : No active profile set, falling back to 1 default profile: "default"
2023-07-31T14:40:00.621+05:30  INFO [department-service,,] 27160 --- [restartedMain] .e.DevToolsPropertyDefaultsPostProcessor : Devtools property defaults active! Set 'spring.devtools.add-properties' to 'false' to disable
2023-07-31T14:40:00.621+05:30  INFO [department-service,,] 27160 --- [restartedMain] .e.DevToolsPropertyDefaultsPostProcessor : For additional web related logging consider setting the 'logging.level.web' property to 'DEBUG'
2023-07-31T14:40:01.481+05:30  INFO [department-service,,] 27160 --- [restartedMain] .s.d.r.c.RepositoryConfigurationDelegate : Bootstrapping Spring Data JPA repositories in DEFAULT mode.
2023-07-31T14:40:01.603+05:30  INFO [department-service,,] 27160 --- [restartedMain] .s.d.r.c.RepositoryConfigurationDelegate : Finished Spring Data repository scanning in 115 ms. Found 1 JPA repository interfaces.
2023-07-31T14:40:01.803+05:30  INFO [department-service,,] 27160 --- [restartedMain] o.s.cloud.context.scope.GenericScope     : BeanFactory id=ae0d3c27-49bd-3a8a-8b52-7e992965cbc7
2023-07-31T14:40:02.313+05:30  INFO [department-service,,] 27160 --- [restartedMain] o.s.b.w.embedded.tomcat.TomcatWebServer  : Tomcat initialized with port(s): 0 (http)
2023-07-31T14:40:02.322+05:30  INFO [department-service,,] 27160 --- [restartedMain] o.apache.catalina.core.StandardService   : Starting service [Tomcat]
2023-07-31T14:40:02.323+05:30  INFO [department-service,,] 27160 --- [restartedMain] o.apache.catalina.core.StandardEngine    : Starting Servlet engine: [Apache Tomcat/10.1.11]
2023-07-31T14:40:02.399+05:30  INFO [department-service,,] 27160 --- [restartedMain] o.a.c.c.C.[Tomcat].[localhost].[/]       : Initializing Spring embedded WebApplicationContext
2023-07-31T14:40:02.399+05:30  INFO [department-service,,] 27160 --- [restartedMain] w.s.c.ServletWebServerApplicationContext : Root WebApplicationContext: initialization completed in 1777 ms
2023-07-31T14:40:02.748+05:30  INFO [department-service,,] 27160 --- [restartedMain] com.zaxxer.hikari.HikariDataSource       : HikariPool-1 - Starting...
2023-07-31T14:40:02.968+05:30  INFO [department-service,,] 27160 --- [restartedMain] com.zaxxer.hikari.pool.HikariPool        : HikariPool-1 - Added connection conn0: url=jdbc:h2:mem:testDB user=SA
2023-07-31T14:40:02.971+05:30  INFO [department-service,,] 27160 --- [restartedMain] com.zaxxer.hikari.HikariDataSource       : HikariPool-1 - Start completed.
2023-07-31T14:40:02.981+05:30  INFO [department-service,,] 27160 --- [restartedMain] o.s.b.a.h2.H2ConsoleAutoConfiguration    : H2 console available at '/h2'. Database available at 'jdbc:h2:mem:testDB'
2023-07-31T14:40:03.176+05:30  INFO [department-service,,] 27160 --- [restartedMain] o.hibernate.jpa.internal.util.LogHelper  : HHH000204: Processing PersistenceUnitInfo [name: default]
2023-07-31T14:40:03.226+05:30  INFO [department-service,,] 27160 --- [restartedMain] org.hibernate.Version                    : HHH000412: Hibernate ORM core version 6.2.6.Final
2023-07-31T14:40:03.229+05:30  INFO [department-service,,] 27160 --- [restartedMain] org.hibernate.cfg.Environment            : HHH000406: Using bytecode reflection optimizer
2023-07-31T14:40:03.358+05:30  INFO [department-service,,] 27160 --- [restartedMain] o.h.b.i.BytecodeProviderInitiator        : HHH000021: Bytecode provider name : bytebuddy
2023-07-31T14:40:03.474+05:30  INFO [department-service,,] 27160 --- [restartedMain] o.s.o.j.p.SpringPersistenceUnitInfo      : No LoadTimeWeaver setup: ignoring JPA class transformer
2023-07-31T14:40:03.721+05:30  INFO [department-service,,] 27160 --- [restartedMain] o.h.b.i.BytecodeProviderInitiator        : HHH000021: Bytecode provider name : bytebuddy
2023-07-31T14:40:04.278+05:30  INFO [department-service,,] 27160 --- [restartedMain] o.h.e.t.j.p.i.JtaPlatformInitiator       : HHH000490: Using JtaPlatform implementation: [org.hibernate.engine.transaction.jta.platform.internal.NoJtaPlatform]
2023-07-31T14:40:04.312+05:30  INFO [department-service,,] 27160 --- [restartedMain] j.LocalContainerEntityManagerFactoryBean : Initialized JPA EntityManagerFactory for persistence unit 'default'
2023-07-31T14:40:04.642+05:30  WARN [department-service,,] 27160 --- [restartedMain] JpaBaseConfiguration$JpaWebConfiguration : spring.jpa.open-in-view is enabled by default. Therefore, database queries may be performed during view rendering. Explicitly configure spring.jpa.open-in-view to disable this warning
2023-07-31T14:40:06.058+05:30  INFO [department-service,,] 27160 --- [restartedMain] o.s.cloud.commons.util.InetUtils         : Cannot determine local hostname
2023-07-31T14:40:06.321+05:30  WARN [department-service,,] 27160 --- [restartedMain] o.s.b.d.a.OptionalLiveReloadServer       : Unable to start LiveReload server
2023-07-31T14:40:07.455+05:30  INFO [department-service,,] 27160 --- [restartedMain] o.s.cloud.commons.util.InetUtils         : Cannot determine local hostname
2023-07-31T14:40:07.463+05:30  INFO [department-service,,] 27160 --- [restartedMain] DiscoveryClientOptionalArgsConfiguration : Eureka HTTP Client uses RestTemplate.
2023-07-31T14:40:07.492+05:30  WARN [department-service,,] 27160 --- [restartedMain] iguration$LoadBalancerCaffeineWarnLogger : Spring Cloud LoadBalancer is currently working with the default cache. While this cache implementation is useful for development and tests, it's recommended to use Caffeine cache in production.You can switch to using Caffeine cache, by adding it and org.springframework.cache.caffeine.CaffeineCacheManager to the classpath.
2023-07-31T14:40:07.496+05:30  INFO [department-service,,] 27160 --- [restartedMain] o.s.b.a.e.web.EndpointLinksResolver      : Exposing 17 endpoint(s) beneath base path '/actuator'
2023-07-31T14:40:07.589+05:30  INFO [department-service,,] 27160 --- [restartedMain] o.s.b.w.embedded.tomcat.TomcatWebServer  : Tomcat started on port(s): 52004 (http) with context path ''
2023-07-31T14:40:07.591+05:30  INFO [department-service,,] 27160 --- [restartedMain] .s.c.n.e.s.EurekaAutoServiceRegistration : Updating port to 52004
2023-07-31T14:40:07.595+05:30  INFO [department-service,,] 27160 --- [restartedMain] o.s.c.n.eureka.InstanceInfoFactory       : Setting initial instance status as: STARTING
2023-07-31T14:40:07.625+05:30  INFO [department-service,,] 27160 --- [restartedMain] com.netflix.discovery.DiscoveryClient    : Initializing Eureka in region us-east-1
2023-07-31T14:40:07.629+05:30  INFO [department-service,,] 27160 --- [restartedMain] c.n.d.s.r.aws.ConfigClusterResolver      : Resolving eureka endpoints via configuration
2023-07-31T14:40:07.650+05:30  INFO [department-service,,] 27160 --- [restartedMain] com.netflix.discovery.DiscoveryClient    : Disable delta property : false
2023-07-31T14:40:07.650+05:30  INFO [department-service,,] 27160 --- [restartedMain] com.netflix.discovery.DiscoveryClient    : Single vip registry refresh property : null
2023-07-31T14:40:07.650+05:30  INFO [department-service,,] 27160 --- [restartedMain] com.netflix.discovery.DiscoveryClient    : Force full registry fetch : false
2023-07-31T14:40:07.650+05:30  INFO [department-service,,] 27160 --- [restartedMain] com.netflix.discovery.DiscoveryClient    : Application is null : false
2023-07-31T14:40:07.650+05:30  INFO [department-service,,] 27160 --- [restartedMain] com.netflix.discovery.DiscoveryClient    : Registered Applications size is zero : true
2023-07-31T14:40:07.650+05:30  INFO [department-service,,] 27160 --- [restartedMain] com.netflix.discovery.DiscoveryClient    : Application version is -1: true
2023-07-31T14:40:07.650+05:30  INFO [department-service,,] 27160 --- [restartedMain] com.netflix.discovery.DiscoveryClient    : Getting all instance registry info from the eureka server
2023-07-31T14:40:07.832+05:30  INFO [department-service,,] 27160 --- [restartedMain] com.netflix.discovery.DiscoveryClient    : The response status is 200
2023-07-31T14:40:07.835+05:30  INFO [department-service,,] 27160 --- [restartedMain] com.netflix.discovery.DiscoveryClient    : Starting heartbeat executor: renew interval is: 30
2023-07-31T14:40:07.838+05:30  INFO [department-service,,] 27160 --- [restartedMain] c.n.discovery.InstanceInfoReplicator     : InstanceInfoReplicator onDemand update allowed rate per min is 4
2023-07-31T14:40:07.843+05:30  INFO [department-service,,] 27160 --- [restartedMain] com.netflix.discovery.DiscoveryClient    : Discovery Client initialized at timestamp 1690794607843 with initial instances count: 3
2023-07-31T14:40:07.846+05:30  INFO [department-service,,] 27160 --- [restartedMain] o.s.c.n.e.s.EurekaServiceRegistry        : Registering application DEPARTMENT-SERVICE with eureka with status UP
2023-07-31T14:40:07.847+05:30  INFO [department-service,,] 27160 --- [restartedMain] com.netflix.discovery.DiscoveryClient    : Saw local status change event StatusChangeEvent [timestamp=1690794607847, current=UP, previous=STARTING]
2023-07-31T14:40:07.849+05:30  INFO [department-service,,] 27160 --- [DiscoveryClient-InstanceInfoReplicator-0] com.netflix.discovery.DiscoveryClient    : DiscoveryClient_DEPARTMENT-SERVICE/department-service:c677cbad5a3c0ac9ebea4fca0f761dc2: registering service...
2023-07-31T14:40:07.944+05:30  INFO [department-service,,] 27160 --- [DiscoveryClient-InstanceInfoReplicator-0] com.netflix.discovery.DiscoveryClient    : DiscoveryClient_DEPARTMENT-SERVICE/department-service:c677cbad5a3c0ac9ebea4fca0f761dc2 - registration status: 204
2023-07-31T14:40:08.988+05:30  INFO [department-service,,] 27160 --- [restartedMain] o.s.cloud.commons.util.InetUtils         : Cannot determine local hostname
2023-07-31T14:40:09.002+05:30  INFO [department-service,,] 27160 --- [restartedMain] c.example.DepartmentServiceApplication   : Started DepartmentServiceApplication in 10.079 seconds (process running for 10.852)
2023-07-31T14:40:09.700+05:30  INFO [department-service,,] 27160 --- [RMI TCP Connection(9)-127.0.0.1] o.a.c.c.C.[Tomcat].[localhost].[/]       : Initializing Spring DispatcherServlet 'dispatcherServlet'
2023-07-31T14:40:09.700+05:30  INFO [department-service,,] 27160 --- [RMI TCP Connection(9)-127.0.0.1] o.s.web.servlet.DispatcherServlet        : Initializing Servlet 'dispatcherServlet'
2023-07-31T14:40:09.702+05:30  INFO [department-service,,] 27160 --- [RMI TCP Connection(9)-127.0.0.1] o.s.web.servlet.DispatcherServlet        : Completed initialization in 1 ms
2023-07-31T14:40:24.274+05:30  INFO [department-service,,] 27160 --- [registrationTask1] d.c.b.a.c.r.ApplicationRegistrator       : Application registered itself as bc7fc5c4c870
2023-07-31T14:45:07.659+05:30  INFO [department-service,,] 27160 --- [AsyncResolver-bootstrap-executor-0] c.n.d.s.r.aws.ConfigClusterResolver      : Resolving eureka endpoints via configuration
2023-07-31T14:50:07.662+05:30  INFO [department-service,,] 27160 --- [AsyncResolver-bootstrap-executor-0] c.n.d.s.r.aws.ConfigClusterResolver      : Resolving eureka endpoints via configuration
2023-07-31T14:55:07.674+05:30  INFO [department-service,,] 27160 --- [AsyncResolver-bootstrap-executor-0] c.n.d.s.r.aws.ConfigClusterResolver      : Resolving eureka endpoints via configuration
2023-07-31T15:00:07.677+05:30  INFO [department-service,,] 27160 --- [AsyncResolver-bootstrap-executor-0] c.n.d.s.r.aws.ConfigClusterResolver      : Resolving eureka endpoints via configuration
2023-07-31T15:05:07.748+05:30  INFO [department-service,,] 27160 --- [AsyncResolver-bootstrap-executor-0] c.n.d.s.r.aws.ConfigClusterResolver      : Resolving eureka endpoints via configuration
2023-07-31T15:10:07.754+05:30  INFO [department-service,,] 27160 --- [AsyncResolver-bootstrap-executor-0] c.n.d.s.r.aws.ConfigClusterResolver      : Resolving eureka endpoints via configuration
